This file contains any messages produced by compilers while
running configure, to aid debugging if configure makes a mistake.

It was created by Protocol Buffers configure 2.6.1, which was
generated by GNU Autoconf 2.69.  Invocation command line was

  $ ./configure --prefix=/usr/local/protobuf

## --------- ##
## Platform. ##
## --------- ##

hostname = LAPTOP-GNQ2T3GC
uname -m = x86_64
uname -r = 4.4.0-19041-Microsoft
uname -s = Linux
uname -v = #488-Microsoft Mon Sep 01 13:43:00 PST 2020

/usr/bin/uname -p = x86_64
/bin/uname -X     = unknown

/bin/arch              = x86_64
/usr/bin/arch -k       = unknown
/usr/convex/getsysinfo = unknown
/usr/bin/hostinfo      = unknown
/bin/machine           = unknown
/usr/bin/oslevel       = unknown
/bin/universe          = unknown

PATH: /home/essoz/.local/bin
PATH: /usr/local/sbin
PATH: /usr/local/bin
PATH: /usr/sbin
PATH: /usr/bin
PATH: /sbin
PATH: /bin
PATH: /usr/games
PATH: /usr/local/games
PATH: /mnt/d/Programs/Vmware/bin/
PATH: /mnt/c/Windows/system32
PATH: /mnt/c/Windows
PATH: /mnt/c/Windows/System32/Wbem
PATH: /mnt/c/Windows/System32/WindowsPowerShell/v1.0/
PATH: /mnt/c/Windows/System32/OpenSSH/
PATH: /mnt/d/Programs/Matlab/runtime/win64
PATH: /mnt/d/Programs/Matlab/bin
PATH: /mnt/c/Users/13982/AppData/Local/Microsoft/WindowsApps
PATH: /mnt/d/Programs/Microsoft VS Code/bin
PATH: /mnt/c/Users/13982/AppData/Local/Pandoc/
PATH: /mnt/c/Users/13982/AppData/Local/GitHubDesktop/bin
PATH: /mnt/d/Programs/SciTools/bin/pc-win64
PATH: /snap/bin
PATH: /home/essoz/.local/bin


## ----------- ##
## Core tests. ##
## ----------- ##

configure:2479: checking whether to enable maintainer-specific portions of Makefiles
configure:2488: result: yes
configure:2549: checking build system type
configure:2563: result: x86_64-unknown-linux-gnu
configure:2583: checking host system type
configure:2596: result: x86_64-unknown-linux-gnu
configure:2616: checking target system type
configure:2629: result: x86_64-unknown-linux-gnu
configure:2672: checking for a BSD-compatible install
configure:2740: result: /usr/bin/install -c
configure:2751: checking whether build environment is sane
configure:2806: result: yes
configure:2955: checking for a thread-safe mkdir -p
configure:2994: result: /usr/bin/mkdir -p
configure:3001: checking for gawk
configure:3017: found /usr/bin/gawk
configure:3028: result: gawk
configure:3039: checking whether make sets $(MAKE)
configure:3061: result: yes
configure:3090: checking whether make supports nested variables
configure:3107: result: yes
configure:3300: checking for gcc
configure:3316: found /usr/bin/gcc
configure:3327: result: gcc
configure:3556: checking for C compiler version
configure:3565: gcc --version >&5
gcc (Ubuntu 9.3.0-17ubuntu1~20.04) 9.3.0
Copyright (C) 2019 Free Software Foundation, Inc.
This is free software; see the source for copying conditions.  There is NO
warranty; not even for MERCHANTABILITY or FITNESS FOR A PARTICULAR PURPOSE.

configure:3576: $? = 0
configure:3565: gcc -v >&5
Using built-in specs.
COLLECT_GCC=gcc
COLLECT_LTO_WRAPPER=/usr/lib/gcc/x86_64-linux-gnu/9/lto-wrapper
OFFLOAD_TARGET_NAMES=nvptx-none:hsa
OFFLOAD_TARGET_DEFAULT=1
Target: x86_64-linux-gnu
Configured with: ../src/configure -v --with-pkgversion='Ubuntu 9.3.0-17ubuntu1~20.04' --with-bugurl=file:///usr/share/doc/gcc-9/README.Bugs --enable-languages=c,ada,c++,go,brig,d,fortran,objc,obj-c++,gm2 --prefix=/usr --with-gcc-major-version-only --program-suffix=-9 --program-prefix=x86_64-linux-gnu- --enable-shared --enable-linker-build-id --libexecdir=/usr/lib --without-included-gettext --enable-threads=posix --libdir=/usr/lib --enable-nls --enable-clocale=gnu --enable-libstdcxx-debug --enable-libstdcxx-time=yes --with-default-libstdcxx-abi=new --enable-gnu-unique-object --disable-vtable-verify --enable-plugin --enable-default-pie --with-system-zlib --with-target-system-zlib=auto --enable-objc-gc=auto --enable-multiarch --disable-werror --with-arch-32=i686 --with-abi=m64 --with-multilib-list=m32,m64,mx32 --enable-multilib --with-tune=generic --enable-offload-targets=nvptx-none=/build/gcc-9-HskZEa/gcc-9-9.3.0/debian/tmp-nvptx/usr,hsa --without-cuda-driver --enable-checking=release --build=x86_64-linux-gnu --host=x86_64-linux-gnu --target=x86_64-linux-gnu
Thread model: posix
gcc version 9.3.0 (Ubuntu 9.3.0-17ubuntu1~20.04) 
configure:3576: $? = 0
configure:3565: gcc -V >&5
gcc: error: unrecognized command line option '-V'
gcc: fatal error: no input files
compilation terminated.
configure:3576: $? = 1
configure:3565: gcc -qversion >&5
gcc: error: unrecognized command line option '-qversion'; did you mean '--version'?
gcc: fatal error: no input files
compilation terminated.
configure:3576: $? = 1
configure:3596: checking whether the C compiler works
configure:3618: gcc    conftest.c  >&5
configure:3622: $? = 0
configure:3670: result: yes
configure:3673: checking for C compiler default output file name
configure:3675: result: a.out
configure:3681: checking for suffix of executables
configure:3688: gcc -o conftest    conftest.c  >&5
configure:3692: $? = 0
configure:3714: result: 
configure:3736: checking whether we are cross compiling
configure:3744: gcc -o conftest    conftest.c  >&5
configure:3748: $? = 0
configure:3755: ./conftest
configure:3759: $? = 0
configure:3747: result: no
configure:3752: checking for suffix of object files
configure:3774: gcc -c   conftest.c >&5
configure:3778: $? = 0
configure:3799: result: o
configure:3803: checking whether we are using the GNU C compiler
configure:3822: gcc -c   conftest.c >&5
configure:3822: $? = 0
configure:3831: result: yes
configure:3840: checking whether gcc accepts -g
configure:3860: gcc -c -g  conftest.c >&5
configure:3860: $? = 0
configure:3901: result: yes
configure:3918: checking for gcc option to accept ISO C89
configure:3981: gcc  -c   conftest.c >&5
configure:3981: $? = 0
configure:3994: result: none needed
configure:4019: checking whether gcc understands -c and -o together
configure:4041: gcc -c conftest.c -o conftest2.o
configure:4044: $? = 0
configure:4041: gcc -c conftest.c -o conftest2.o
configure:4044: $? = 0
configure:4056: result: yes
configure:4084: checking for style of include used by make
configure:4112: result: GNU
configure:4138: checking dependency style of gcc
configure:4249: result: gcc3
configure:4322: checking for g++
configure:4338: found /usr/bin/g++
configure:4349: result: g++
configure:4376: checking for C++ compiler version
configure:4385: g++ --version >&5
g++ (Ubuntu 9.3.0-17ubuntu1~20.04) 9.3.0
Copyright (C) 2019 Free Software Foundation, Inc.
This is free software; see the source for copying conditions.  There is NO
warranty; not even for MERCHANTABILITY or FITNESS FOR A PARTICULAR PURPOSE.

configure:4396: $? = 0
configure:4385: g++ -v >&5
Using built-in specs.
COLLECT_GCC=g++
COLLECT_LTO_WRAPPER=/usr/lib/gcc/x86_64-linux-gnu/9/lto-wrapper
OFFLOAD_TARGET_NAMES=nvptx-none:hsa
OFFLOAD_TARGET_DEFAULT=1
Target: x86_64-linux-gnu
Configured with: ../src/configure -v --with-pkgversion='Ubuntu 9.3.0-17ubuntu1~20.04' --with-bugurl=file:///usr/share/doc/gcc-9/README.Bugs --enable-languages=c,ada,c++,go,brig,d,fortran,objc,obj-c++,gm2 --prefix=/usr --with-gcc-major-version-only --program-suffix=-9 --program-prefix=x86_64-linux-gnu- --enable-shared --enable-linker-build-id --libexecdir=/usr/lib --without-included-gettext --enable-threads=posix --libdir=/usr/lib --enable-nls --enable-clocale=gnu --enable-libstdcxx-debug --enable-libstdcxx-time=yes --with-default-libstdcxx-abi=new --enable-gnu-unique-object --disable-vtable-verify --enable-plugin --enable-default-pie --with-system-zlib --with-target-system-zlib=auto --enable-objc-gc=auto --enable-multiarch --disable-werror --with-arch-32=i686 --with-abi=m64 --with-multilib-list=m32,m64,mx32 --enable-multilib --with-tune=generic --enable-offload-targets=nvptx-none=/build/gcc-9-HskZEa/gcc-9-9.3.0/debian/tmp-nvptx/usr,hsa --without-cuda-driver --enable-checking=release --build=x86_64-linux-gnu --host=x86_64-linux-gnu --target=x86_64-linux-gnu
Thread model: posix
gcc version 9.3.0 (Ubuntu 9.3.0-17ubuntu1~20.04) 
configure:4396: $? = 0
configure:4385: g++ -V >&5
g++: error: unrecognized command line option '-V'
g++: fatal error: no input files
compilation terminated.
configure:4396: $? = 1
configure:4385: g++ -qversion >&5
g++: error: unrecognized command line option '-qversion'; did you mean '--version'?
g++: fatal error: no input files
compilation terminated.
configure:4396: $? = 1
configure:4400: checking whether we are using the GNU C++ compiler
configure:4419: g++ -c   conftest.cpp >&5
configure:4419: $? = 0
configure:4428: result: yes
configure:4437: checking whether g++ accepts -g
configure:4457: g++ -c -g  conftest.cpp >&5
configure:4457: $? = 0
configure:4498: result: yes
configure:4523: checking dependency style of g++
configure:4634: result: gcc3
configure:4661: checking how to run the C++ preprocessor
configure:4688: g++ -E  conftest.cpp
configure:4688: $? = 0
configure:4702: g++ -E  conftest.cpp
conftest.cpp:11:10: fatal error: ac_nonexistent.h: No such file or directory
   11 | #include <ac_nonexistent.h>
      |          ^~~~~~~~~~~~~~~~~~
compilation terminated.
configure:4702: $? = 1
configure: failed program was:
| /* confdefs.h */
| #define PACKAGE_NAME "Protocol Buffers"
| #define PACKAGE_TARNAME "protobuf"
| #define PACKAGE_VERSION "2.6.1"
| #define PACKAGE_STRING "Protocol Buffers 2.6.1"
| #define PACKAGE_BUGREPORT "protobuf@googlegroups.com"
| #define PACKAGE_URL ""
| #define PACKAGE "protobuf"
| #define VERSION "2.6.1"
| /* end confdefs.h.  */
| #include <ac_nonexistent.h>
configure:4727: result: g++ -E
configure:4747: g++ -E  conftest.cpp
configure:4747: $? = 0
configure:4761: g++ -E  conftest.cpp
conftest.cpp:11:10: fatal error: ac_nonexistent.h: No such file or directory
   11 | #include <ac_nonexistent.h>
      |          ^~~~~~~~~~~~~~~~~~
compilation terminated.
configure:4761: $? = 1
configure: failed program was:
| /* confdefs.h */
| #define PACKAGE_NAME "Protocol Buffers"
| #define PACKAGE_TARNAME "protobuf"
| #define PACKAGE_VERSION "2.6.1"
| #define PACKAGE_STRING "Protocol Buffers 2.6.1"
| #define PACKAGE_BUGREPORT "protobuf@googlegroups.com"
| #define PACKAGE_URL ""
| #define PACKAGE "protobuf"
| #define VERSION "2.6.1"
| /* end confdefs.h.  */
| #include <ac_nonexistent.h>
configure:4790: checking for grep that handles long lines and -e
configure:4848: result: /usr/bin/grep
configure:4853: checking for egrep
configure:4915: result: /usr/bin/grep -E
configure:4920: checking for ANSI C header files
configure:4940: g++ -c   conftest.cpp >&5
configure:4940: $? = 0
configure:5013: g++ -o conftest    conftest.cpp  >&5
configure:5013: $? = 0
configure:5013: ./conftest
configure:5013: $? = 0
configure:5024: result: yes
configure:5037: checking for sys/types.h
configure:5037: g++ -c   conftest.cpp >&5
configure:5037: $? = 0
configure:5037: result: yes
configure:5037: checking for sys/stat.h
configure:5037: g++ -c   conftest.cpp >&5
configure:5037: $? = 0
configure:5037: result: yes
configure:5037: checking for stdlib.h
configure:5037: g++ -c   conftest.cpp >&5
configure:5037: $? = 0
configure:5037: result: yes
configure:5037: checking for string.h
configure:5037: g++ -c   conftest.cpp >&5
configure:5037: $? = 0
configure:5037: result: yes
configure:5037: checking for memory.h
configure:5037: g++ -c   conftest.cpp >&5
configure:5037: $? = 0
configure:5037: result: yes
configure:5037: checking for strings.h
configure:5037: g++ -c   conftest.cpp >&5
configure:5037: $? = 0
configure:5037: result: yes
configure:5037: checking for inttypes.h
configure:5037: g++ -c   conftest.cpp >&5
configure:5037: $? = 0
configure:5037: result: yes
configure:5037: checking for stdint.h
configure:5037: g++ -c   conftest.cpp >&5
configure:5037: $? = 0
configure:5037: result: yes
configure:5037: checking for unistd.h
configure:5037: g++ -c   conftest.cpp >&5
configure:5037: $? = 0
configure:5037: result: yes
configure:5050: checking minix/config.h usability
configure:5050: g++ -c   conftest.cpp >&5
conftest.cpp:54:10: fatal error: minix/config.h: No such file or directory
   54 | #include <minix/config.h>
      |          ^~~~~~~~~~~~~~~~
compilation terminated.
configure:5050: $? = 1
configure: failed program was:
| /* confdefs.h */
| #define PACKAGE_NAME "Protocol Buffers"
| #define PACKAGE_TARNAME "protobuf"
| #define PACKAGE_VERSION "2.6.1"
| #define PACKAGE_STRING "Protocol Buffers 2.6.1"
| #define PACKAGE_BUGREPORT "protobuf@googlegroups.com"
| #define PACKAGE_URL ""
| #define PACKAGE "protobuf"
| #define VERSION "2.6.1"
| #define STDC_HEADERS 1
| #define HAVE_SYS_TYPES_H 1
| #define HAVE_SYS_STAT_H 1
| #define HAVE_STDLIB_H 1
| #define HAVE_STRING_H 1
| #define HAVE_MEMORY_H 1
| #define HAVE_STRINGS_H 1
| #define HAVE_INTTYPES_H 1
| #define HAVE_STDINT_H 1
| #define HAVE_UNISTD_H 1
| /* end confdefs.h.  */
| #include <stdio.h>
| #ifdef HAVE_SYS_TYPES_H
| # include <sys/types.h>
| #endif
| #ifdef HAVE_SYS_STAT_H
| # include <sys/stat.h>
| #endif
| #ifdef STDC_HEADERS
| # include <stdlib.h>
| # include <stddef.h>
| #else
| # ifdef HAVE_STDLIB_H
| #  include <stdlib.h>
| # endif
| #endif
| #ifdef HAVE_STRING_H
| # if !defined STDC_HEADERS && defined HAVE_MEMORY_H
| #  include <memory.h>
| # endif
| # include <string.h>
| #endif
| #ifdef HAVE_STRINGS_H
| # include <strings.h>
| #endif
| #ifdef HAVE_INTTYPES_H
| # include <inttypes.h>
| #endif
| #ifdef HAVE_STDINT_H
| # include <stdint.h>
| #endif
| #ifdef HAVE_UNISTD_H
| # include <unistd.h>
| #endif
| #include <minix/config.h>
configure:5050: result: no
configure:5050: checking minix/config.h presence
configure:5050: g++ -E  conftest.cpp
conftest.cpp:21:10: fatal error: minix/config.h: No such file or directory
   21 | #include <minix/config.h>
      |          ^~~~~~~~~~~~~~~~
compilation terminated.
configure:5050: $? = 1
configure: failed program was:
| /* confdefs.h */
| #define PACKAGE_NAME "Protocol Buffers"
| #define PACKAGE_TARNAME "protobuf"
| #define PACKAGE_VERSION "2.6.1"
| #define PACKAGE_STRING "Protocol Buffers 2.6.1"
| #define PACKAGE_BUGREPORT "protobuf@googlegroups.com"
| #define PACKAGE_URL ""
| #define PACKAGE "protobuf"
| #define VERSION "2.6.1"
| #define STDC_HEADERS 1
| #define HAVE_SYS_TYPES_H 1
| #define HAVE_SYS_STAT_H 1
| #define HAVE_STDLIB_H 1
| #define HAVE_STRING_H 1
| #define HAVE_MEMORY_H 1
| #define HAVE_STRINGS_H 1
| #define HAVE_INTTYPES_H 1
| #define HAVE_STDINT_H 1
| #define HAVE_UNISTD_H 1
| /* end confdefs.h.  */
| #include <minix/config.h>
configure:5050: result: no
configure:5050: checking for minix/config.h
configure:5050: result: no
configure:5071: checking whether it is safe to define __EXTENSIONS__
configure:5089: g++ -c   conftest.cpp >&5
configure:5089: $? = 0
configure:5096: result: yes
configure:5125: checking C++ compiler flags...
configure:5141: result: use default: -O2  -g -DNDEBUG
configure:5161: checking whether __SUNPRO_CC is declared
configure:5161: g++ -c  -g -DNDEBUG  conftest.cpp >&5
conftest.cpp: In function 'int main()':
conftest.cpp:64:10: error: '__SUNPRO_CC' was not declared in this scope
   64 |   (void) __SUNPRO_CC;
      |          ^~~~~~~~~~~
configure:5161: $? = 1
configure: failed program was:
| /* confdefs.h */
| #define PACKAGE_NAME "Protocol Buffers"
| #define PACKAGE_TARNAME "protobuf"
| #define PACKAGE_VERSION "2.6.1"
| #define PACKAGE_STRING "Protocol Buffers 2.6.1"
| #define PACKAGE_BUGREPORT "protobuf@googlegroups.com"
| #define PACKAGE_URL ""
| #define PACKAGE "protobuf"
| #define VERSION "2.6.1"
| #define STDC_HEADERS 1
| #define HAVE_SYS_TYPES_H 1
| #define HAVE_SYS_STAT_H 1
| #define HAVE_STDLIB_H 1
| #define HAVE_STRING_H 1
| #define HAVE_MEMORY_H 1
| #define HAVE_STRINGS_H 1
| #define HAVE_INTTYPES_H 1
| #define HAVE_STDINT_H 1
| #define HAVE_UNISTD_H 1
| #define __EXTENSIONS__ 1
| #define _ALL_SOURCE 1
| #define _GNU_SOURCE 1
| #define _POSIX_PTHREAD_SEMANTICS 1
| #define _TANDEM_SOURCE 1
| /* end confdefs.h.  */
| #include <stdio.h>
| #ifdef HAVE_SYS_TYPES_H
| # include <sys/types.h>
| #endif
| #ifdef HAVE_SYS_STAT_H
| # include <sys/stat.h>
| #endif
| #ifdef STDC_HEADERS
| # include <stdlib.h>
| # include <stddef.h>
| #else
| # ifdef HAVE_STDLIB_H
| #  include <stdlib.h>
| # endif
| #endif
| #ifdef HAVE_STRING_H
| # if !defined STDC_HEADERS && defined HAVE_MEMORY_H
| #  include <memory.h>
| # endif
| # include <string.h>
| #endif
| #ifdef HAVE_STRINGS_H
| # include <strings.h>
| #endif
| #ifdef HAVE_INTTYPES_H
| # include <inttypes.h>
| #endif
| #ifdef HAVE_STDINT_H
| # include <stdint.h>
| #endif
| #ifdef HAVE_UNISTD_H
| # include <unistd.h>
| #endif
| int
| main ()
| {
| #ifndef __SUNPRO_CC
| #ifdef __cplusplus
|   (void) __SUNPRO_CC;
| #else
|   (void) __SUNPRO_CC;
| #endif
| #endif
| 
|   ;
|   return 0;
| }
configure:5161: result: no
configure:5336: checking how to print strings
configure:5363: result: printf
configure:5384: checking for a sed that does not truncate output
configure:5448: result: /usr/bin/sed
configure:5466: checking for fgrep
configure:5528: result: /usr/bin/grep -F
configure:5563: checking for ld used by gcc
configure:5630: result: /usr/bin/ld
configure:5637: checking if the linker (/usr/bin/ld) is GNU ld
configure:5652: result: yes
configure:5664: checking for BSD- or MS-compatible name lister (nm)
configure:5713: result: /usr/bin/nm -B
configure:5843: checking the name lister (/usr/bin/nm -B) interface
configure:5850: g++ -c  -g -DNDEBUG  conftest.cpp >&5
configure:5853: /usr/bin/nm -B "conftest.o"
configure:5856: output
0000000000000000 B some_variable
configure:5857: result: BSD nm
configure:5860: checking whether ln -s works
configure:5864: result: yes
configure:5872: checking the maximum length of command line arguments
configure:6003: result: 1572864
configure:6020: checking whether the shell understands some XSI constructs
configure:6029: result: yes
configure:6033: checking whether the shell understands "+="
configure:6037: result: yes
configure:6072: checking how to convert x86_64-unknown-linux-gnu file names to x86_64-unknown-linux-gnu format
configure:6112: result: func_convert_file_noop
configure:6119: checking how to convert x86_64-unknown-linux-gnu file names to toolchain format
configure:6139: result: func_convert_file_noop
configure:6146: checking for /usr/bin/ld option to reload object files
configure:6153: result: -r
configure:6227: checking for objdump
configure:6243: found /usr/bin/objdump
configure:6254: result: objdump
configure:6286: checking how to recognize dependent libraries
configure:6484: result: pass_all
configure:6569: checking for dlltool
configure:6599: result: no
configure:6629: checking how to associate runtime and link libraries
configure:6656: result: printf %s\n
configure:6716: checking for ar
configure:6732: found /usr/bin/ar
configure:6743: result: ar
configure:6780: checking for archiver @FILE support
configure:6797: g++ -c  -g -DNDEBUG  conftest.cpp >&5
configure:6797: $? = 0
configure:6800: ar cru libconftest.a @conftest.lst >&5
ar: `u' modifier ignored since `D' is the default (see `U')
configure:6803: $? = 0
configure:6808: ar cru libconftest.a @conftest.lst >&5
ar: `u' modifier ignored since `D' is the default (see `U')
ar: conftest.o: No such file or directory
configure:6811: $? = 1
configure:6810: result: @
configure:6868: checking for strip
configure:6884: found /usr/bin/strip
configure:6895: result: strip
configure:6967: checking for ranlib
configure:6983: found /usr/bin/ranlib
configure:6994: result: ranlib
configure:7096: checking command to parse /usr/bin/nm -B output from gcc object
configure:7216: g++ -c  -g -DNDEBUG  conftest.cpp >&5
configure:7219: $? = 0
configure:7223: /usr/bin/nm -B conftest.o \| sed -n -e 's/^.*[ ]\([ABCDGIRSTW][ABCDGIRSTW]*\)[ ][ ]*\([_A-Za-z][_A-Za-z0-9]*\)$/\1 \2 \2/p' | sed '/ __gnu_lto/d' \> conftest.nm
configure:7226: $? = 0
configure:7292: g++ -o conftest  -g -DNDEBUG   conftest.cpp conftstm.o >&5
configure:7295: $? = 0
configure:7333: result: ok
configure:7370: checking for sysroot
configure:7400: result: no
configure:7478: g++ -c  -g -DNDEBUG  conftest.cpp >&5
configure:7481: $? = 0
configure:7670: checking for mt
configure:7686: found /usr/bin/mt
configure:7697: result: mt
configure:7720: checking if mt is a manifest tool
configure:7726: mt '-?'
configure:7734: result: no
configure:8373: checking for dlfcn.h
configure:8373: g++ -c  -g -DNDEBUG  conftest.cpp >&5
configure:8373: $? = 0
configure:8373: result: yes
configure:8589: checking for objdir
configure:8604: result: .libs
configure:8875: checking if gcc supports -fno-rtti -fno-exceptions
configure:8893: gcc -c   -fno-rtti -fno-exceptions conftest.c >&5
cc1: warning: command line option '-fno-rtti' is valid for C++/D/ObjC++ but not for C
configure:8897: $? = 0
configure:8910: result: no
configure:9237: checking for gcc option to produce PIC
configure:9244: result: -fPIC -DPIC
configure:9252: checking if gcc PIC flag -fPIC -DPIC works
configure:9270: gcc -c   -fPIC -DPIC -DPIC conftest.c >&5
configure:9274: $? = 0
configure:9287: result: yes
configure:9316: checking if gcc static flag -static works
configure:9344: result: yes
configure:9359: checking if gcc supports -c -o file.o
configure:9380: gcc -c   -o out/conftest2.o conftest.c >&5
configure:9384: $? = 0
configure:9406: result: yes
configure:9414: checking if gcc supports -c -o file.o
configure:9461: result: yes
configure:9494: checking whether the gcc linker (/usr/bin/ld -m elf_x86_64) supports shared libraries
configure:10651: result: yes
configure:10688: checking whether -lc should be explicitly linked in
configure:10696: gcc -c   conftest.c >&5
configure:10699: $? = 0
configure:10714: gcc -shared  -fPIC -DPIC conftest.o  -v -Wl,-soname -Wl,conftest -o conftest 2\>\&1 \| /usr/bin/grep  -lc  \>/dev/null 2\>\&1
configure:10717: $? = 0
configure:10731: result: no
configure:10891: checking dynamic linker characteristics
configure:11391: gcc -o conftest    -Wl,-rpath -Wl,/foo conftest.c  >&5
configure:11391: $? = 0
configure:11625: result: GNU/Linux ld.so
configure:11732: checking how to hardcode library paths into programs
configure:11757: result: immediate
configure:12297: checking whether stripping libraries is possible
configure:12302: result: yes
configure:12337: checking if libtool supports shared libraries
configure:12339: result: yes
configure:12342: checking whether to build shared libraries
configure:12363: result: yes
configure:12366: checking whether to build static libraries
configure:12370: result: yes
configure:9398: checking how to run the C++ preprocessor
configure:9464: result: g++ -E
configure:9484: g++ -E  conftest.cpp
configure:9484: $? = 0
configure:9498: g++ -E  conftest.cpp
conftest.cpp:28:10: fatal error: ac_nonexistent.h: No such file or directory
   28 | #include <ac_nonexistent.h>
      |          ^~~~~~~~~~~~~~~~~~
compilation terminated.
configure:9498: $? = 1
configure: failed program was:
| /* confdefs.h */
| #define PACKAGE_NAME "Protocol Buffers"
| #define PACKAGE_TARNAME "protobuf"
| #define PACKAGE_VERSION "2.6.1"
| #define PACKAGE_STRING "Protocol Buffers 2.6.1"
| #define PACKAGE_BUGREPORT "protobuf@googlegroups.com"
| #define PACKAGE_URL ""
| #define PACKAGE "protobuf"
| #define VERSION "2.6.1"
| #define STDC_HEADERS 1
| #define HAVE_SYS_TYPES_H 1
| #define HAVE_SYS_STAT_H 1
| #define HAVE_STDLIB_H 1
| #define HAVE_STRING_H 1
| #define HAVE_MEMORY_H 1
| #define HAVE_STRINGS_H 1
| #define HAVE_INTTYPES_H 1
| #define HAVE_STDINT_H 1
| #define HAVE_UNISTD_H 1
| #define __EXTENSIONS__ 1
| #define _ALL_SOURCE 1
| #define _GNU_SOURCE 1
| #define _POSIX_PTHREAD_SEMANTICS 1
| #define _TANDEM_SOURCE 1
| #define HAVE_DLFCN_H 1
| #define LT_OBJDIR ".libs/"
| /* end confdefs.h.  */
| #include <ac_nonexistent.h>
configure:9667: checking for ld used by g++
configure:9734: result: /usr/bin/ld -m elf_x86_64
configure:9741: checking if the linker (/usr/bin/ld -m elf_x86_64) is GNU ld
configure:9756: result: yes
configure:9811: checking whether the g++ linker (/usr/bin/ld -m elf_x86_64) supports shared libraries
configure:10813: result: yes
configure:10849: g++ -c  -g -DNDEBUG  conftest.cpp >&5
configure:10852: $? = 0
configure:11372: checking for g++ option to produce PIC
configure:11379: result: -fPIC -DPIC
configure:11387: checking if g++ PIC flag -fPIC -DPIC works
configure:11405: g++ -c  -g -DNDEBUG  -fPIC -DPIC -DPIC conftest.cpp >&5
configure:11409: $? = 0
configure:11422: result: yes
configure:11445: checking if g++ static flag -static works
configure:11473: result: yes
configure:11485: checking if g++ supports -c -o file.o
configure:11506: g++ -c  -g -DNDEBUG  -o out/conftest2.o conftest.cpp >&5
configure:11510: $? = 0
configure:11532: result: yes
configure:11537: checking if g++ supports -c -o file.o
configure:11584: result: yes
configure:11614: checking whether the g++ linker (/usr/bin/ld -m elf_x86_64) supports shared libraries
configure:11653: result: yes
configure:11794: checking dynamic linker characteristics
configure:12462: result: GNU/Linux ld.so
configure:12515: checking how to hardcode library paths into programs
configure:12540: result: immediate
configure:11539: checking for ANSI C header files
configure:11643: result: yes
configure:11654: checking fcntl.h usability
configure:11654: g++ -c  -g -DNDEBUG  conftest.cpp >&5
configure:11654: $? = 0
configure:11654: result: yes
configure:11654: checking fcntl.h presence
configure:11654: g++ -E  conftest.cpp
configure:11654: $? = 0
configure:11654: result: yes
configure:11654: checking for fcntl.h
configure:11654: result: yes
configure:11654: checking for inttypes.h
configure:11654: result: yes
configure:11654: checking limits.h usability
configure:11654: g++ -c  -g -DNDEBUG  conftest.cpp >&5
configure:11654: $? = 0
configure:11654: result: yes
configure:11654: checking limits.h presence
configure:11654: g++ -E  conftest.cpp
configure:11654: $? = 0
configure:11654: result: yes
configure:11654: checking for limits.h
configure:11654: result: yes
configure:11654: checking for stdlib.h
configure:11654: result: yes
configure:11654: checking for unistd.h
configure:11654: result: yes
configure:11666: checking for working memcmp
configure:11709: g++ -o conftest  -g -DNDEBUG   conftest.cpp  >&5
configure:11709: $? = 0
configure:11709: ./conftest
configure:11709: $? = 0
configure:11719: result: yes
configure:11728: checking for working strtod
configure:11769: g++ -o conftest  -g -DNDEBUG   conftest.cpp  >&5
conftest.cpp: In function 'int main()':
conftest.cpp:76:20: warning: ISO C++ forbids converting a string constant to 'char*' [-Wwrite-strings]
   76 |     char *string = " +69";
      |                    ^~~~~~
conftest.cpp:87:20: warning: ISO C++ forbids converting a string constant to 'char*' [-Wwrite-strings]
   87 |     char *string = "NaN";
      |                    ^~~~~
configure:11769: $? = 0
configure:11769: ./conftest
configure:11769: $? = 0
configure:11779: result: yes
configure:11844: checking for ftruncate
configure:11844: g++ -o conftest  -g -DNDEBUG   conftest.cpp  >&5
configure:11844: $? = 0
configure:11844: result: yes
configure:11844: checking for memset
configure:11844: g++ -o conftest  -g -DNDEBUG   conftest.cpp  >&5
conftest.cpp:58:6: warning: declaration of 'char memset()' conflicts with built-in declaration 'void* memset(void*, int, long unsigned int)' [-Wbuiltin-declaration-mismatch]
   58 | char memset ();
      |      ^~~~~~
configure:11844: $? = 0
configure:11844: result: yes
configure:11844: checking for mkdir
configure:11844: g++ -o conftest  -g -DNDEBUG   conftest.cpp  >&5
configure:11844: $? = 0
configure:11844: result: yes
configure:11844: checking for strchr
configure:11844: g++ -o conftest  -g -DNDEBUG   conftest.cpp  >&5
conftest.cpp:60:6: warning: declaration of 'char strchr()' conflicts with built-in declaration 'char* strchr(const char*, int)' [-Wbuiltin-declaration-mismatch]
   60 | char strchr ();
      |      ^~~~~~
configure:11844: $? = 0
configure:11844: result: yes
configure:11844: checking for strerror
configure:11844: g++ -o conftest  -g -DNDEBUG   conftest.cpp  >&5
configure:11844: $? = 0
configure:11844: result: yes
configure:11844: checking for strtol
configure:11844: g++ -o conftest  -g -DNDEBUG   conftest.cpp  >&5
configure:11844: $? = 0
configure:11844: result: yes
configure:11858: checking zlib version
configure:11878: g++ -c  -g -DNDEBUG  conftest.cpp >&5
configure:11878: $? = 0
configure:11880: result: ok (1.2.0.4 or later)
configure:11884: checking for library containing zlibVersion
configure:11915: g++ -o conftest  -g -DNDEBUG   conftest.cpp  >&5
/usr/bin/ld: /tmp/ccLifoNr.o: in function `main':
/home/essoz/gitrepo/protobuf-2.6.1/conftest.cpp:51: undefined reference to `zlibVersion'
collect2: error: ld returned 1 exit status
configure:11915: $? = 1
configure: failed program was:
| /* confdefs.h */
| #define PACKAGE_NAME "Protocol Buffers"
| #define PACKAGE_TARNAME "protobuf"
| #define PACKAGE_VERSION "2.6.1"
| #define PACKAGE_STRING "Protocol Buffers 2.6.1"
| #define PACKAGE_BUGREPORT "protobuf@googlegroups.com"
| #define PACKAGE_URL ""
| #define PACKAGE "protobuf"
| #define VERSION "2.6.1"
| #define STDC_HEADERS 1
| #define HAVE_SYS_TYPES_H 1
| #define HAVE_SYS_STAT_H 1
| #define HAVE_STDLIB_H 1
| #define HAVE_STRING_H 1
| #define HAVE_MEMORY_H 1
| #define HAVE_STRINGS_H 1
| #define HAVE_INTTYPES_H 1
| #define HAVE_STDINT_H 1
| #define HAVE_UNISTD_H 1
| #define __EXTENSIONS__ 1
| #define _ALL_SOURCE 1
| #define _GNU_SOURCE 1
| #define _POSIX_PTHREAD_SEMANTICS 1
| #define _TANDEM_SOURCE 1
| #define HAVE_DLFCN_H 1
| #define LT_OBJDIR ".libs/"
| #define STDC_HEADERS 1
| #define HAVE_FCNTL_H 1
| #define HAVE_INTTYPES_H 1
| #define HAVE_LIMITS_H 1
| #define HAVE_STDLIB_H 1
| #define HAVE_UNISTD_H 1
| #define HAVE_FTRUNCATE 1
| #define HAVE_MEMSET 1
| #define HAVE_MKDIR 1
| #define HAVE_STRCHR 1
| #define HAVE_STRERROR 1
| #define HAVE_STRTOL 1
| /* end confdefs.h.  */
| 
| /* Override any GCC internal prototype to avoid an error.
|    Use char because int might match the return type of a GCC
|    builtin and then its argument prototype would still apply.  */
| #ifdef __cplusplus
| extern "C"
| #endif
| char zlibVersion ();
| int
| main ()
| {
| return zlibVersion ();
|   ;
|   return 0;
| }
configure:11915: g++ -o conftest  -g -DNDEBUG   conftest.cpp -lz   >&5
configure:11915: $? = 0
configure:11932: result: -lz
configure:12183: checking for the pthreads library -lpthreads
configure:12216: gcc -o conftest     conftest.c -lpthreads -lz  >&5
conftest.c: In function 'main':
conftest.c:46:22: warning: null argument where non-null required (argument 1) [-Wnonnull]
   46 |                      pthread_attr_init(0); pthread_cleanup_push(0, 0);
      |                      ^~~~~~~~~~~~~~~~~
conftest.c:47:22: warning: null argument where non-null required (argument 1) [-Wnonnull]
   47 |                      pthread_create(0,0,0,0); pthread_cleanup_pop(0);
      |                      ^~~~~~~~~~~~~~
conftest.c:47:22: warning: null argument where non-null required (argument 3) [-Wnonnull]
/usr/bin/ld: cannot find -lpthreads
collect2: error: ld returned 1 exit status
configure:12216: $? = 1
configure: failed program was:
| /* confdefs.h */
| #define PACKAGE_NAME "Protocol Buffers"
| #define PACKAGE_TARNAME "protobuf"
| #define PACKAGE_VERSION "2.6.1"
| #define PACKAGE_STRING "Protocol Buffers 2.6.1"
| #define PACKAGE_BUGREPORT "protobuf@googlegroups.com"
| #define PACKAGE_URL ""
| #define PACKAGE "protobuf"
| #define VERSION "2.6.1"
| #define STDC_HEADERS 1
| #define HAVE_SYS_TYPES_H 1
| #define HAVE_SYS_STAT_H 1
| #define HAVE_STDLIB_H 1
| #define HAVE_STRING_H 1
| #define HAVE_MEMORY_H 1
| #define HAVE_STRINGS_H 1
| #define HAVE_INTTYPES_H 1
| #define HAVE_STDINT_H 1
| #define HAVE_UNISTD_H 1
| #define __EXTENSIONS__ 1
| #define _ALL_SOURCE 1
| #define _GNU_SOURCE 1
| #define _POSIX_PTHREAD_SEMANTICS 1
| #define _TANDEM_SOURCE 1
| #define HAVE_DLFCN_H 1
| #define LT_OBJDIR ".libs/"
| #define STDC_HEADERS 1
| #define HAVE_FCNTL_H 1
| #define HAVE_INTTYPES_H 1
| #define HAVE_LIMITS_H 1
| #define HAVE_STDLIB_H 1
| #define HAVE_UNISTD_H 1
| #define HAVE_FTRUNCATE 1
| #define HAVE_MEMSET 1
| #define HAVE_MKDIR 1
| #define HAVE_STRCHR 1
| #define HAVE_STRERROR 1
| #define HAVE_STRTOL 1
| #define HAVE_ZLIB 1
| /* end confdefs.h.  */
| #include <pthread.h>
| int
| main ()
| {
| pthread_t th; pthread_join(th, 0);
|                      pthread_attr_init(0); pthread_cleanup_push(0, 0);
|                      pthread_create(0,0,0,0); pthread_cleanup_pop(0);
|   ;
|   return 0;
| }
configure:12225: result: no
configure:12128: checking whether pthreads work without any flags
configure:12216: gcc -o conftest     conftest.c  -lz  >&5
conftest.c: In function 'main':
conftest.c:46:22: warning: null argument where non-null required (argument 1) [-Wnonnull]
   46 |                      pthread_attr_init(0); pthread_cleanup_push(0, 0);
      |                      ^~~~~~~~~~~~~~~~~
conftest.c:47:22: warning: null argument where non-null required (argument 1) [-Wnonnull]
   47 |                      pthread_create(0,0,0,0); pthread_cleanup_pop(0);
      |                      ^~~~~~~~~~~~~~
conftest.c:47:22: warning: null argument where non-null required (argument 3) [-Wnonnull]
/usr/bin/ld: /tmp/ccceSZYm.o: in function `main':
conftest.c:(.text+0x2b): undefined reference to `pthread_join'
/usr/bin/ld: conftest.c:(.text+0x98): undefined reference to `__pthread_register_cancel'
/usr/bin/ld: conftest.c:(.text+0xb1): undefined reference to `pthread_create'
/usr/bin/ld: conftest.c:(.text+0xbd): undefined reference to `__pthread_unregister_cancel'
collect2: error: ld returned 1 exit status
configure:12216: $? = 1
configure: failed program was:
| /* confdefs.h */
| #define PACKAGE_NAME "Protocol Buffers"
| #define PACKAGE_TARNAME "protobuf"
| #define PACKAGE_VERSION "2.6.1"
| #define PACKAGE_STRING "Protocol Buffers 2.6.1"
| #define PACKAGE_BUGREPORT "protobuf@googlegroups.com"
| #define PACKAGE_URL ""
| #define PACKAGE "protobuf"
| #define VERSION "2.6.1"
| #define STDC_HEADERS 1
| #define HAVE_SYS_TYPES_H 1
| #define HAVE_SYS_STAT_H 1
| #define HAVE_STDLIB_H 1
| #define HAVE_STRING_H 1
| #define HAVE_MEMORY_H 1
| #define HAVE_STRINGS_H 1
| #define HAVE_INTTYPES_H 1
| #define HAVE_STDINT_H 1
| #define HAVE_UNISTD_H 1
| #define __EXTENSIONS__ 1
| #define _ALL_SOURCE 1
| #define _GNU_SOURCE 1
| #define _POSIX_PTHREAD_SEMANTICS 1
| #define _TANDEM_SOURCE 1
| #define HAVE_DLFCN_H 1
| #define LT_OBJDIR ".libs/"
| #define STDC_HEADERS 1
| #define HAVE_FCNTL_H 1
| #define HAVE_INTTYPES_H 1
| #define HAVE_LIMITS_H 1
| #define HAVE_STDLIB_H 1
| #define HAVE_UNISTD_H 1
| #define HAVE_FTRUNCATE 1
| #define HAVE_MEMSET 1
| #define HAVE_MKDIR 1
| #define HAVE_STRCHR 1
| #define HAVE_STRERROR 1
| #define HAVE_STRTOL 1
| #define HAVE_ZLIB 1
| /* end confdefs.h.  */
| #include <pthread.h>
| int
| main ()
| {
| pthread_t th; pthread_join(th, 0);
|                      pthread_attr_init(0); pthread_cleanup_push(0, 0);
|                      pthread_create(0,0,0,0); pthread_cleanup_pop(0);
|   ;
|   return 0;
| }
configure:12225: result: no
configure:12133: checking whether pthreads work with -Kthread
configure:12216: gcc -o conftest  -Kthread   conftest.c  -lz  >&5
gcc: error: unrecognized command line option '-Kthread'; did you mean '-pthread'?
configure:12216: $? = 1
configure: failed program was:
| /* confdefs.h */
| #define PACKAGE_NAME "Protocol Buffers"
| #define PACKAGE_TARNAME "protobuf"
| #define PACKAGE_VERSION "2.6.1"
| #define PACKAGE_STRING "Protocol Buffers 2.6.1"
| #define PACKAGE_BUGREPORT "protobuf@googlegroups.com"
| #define PACKAGE_URL ""
| #define PACKAGE "protobuf"
| #define VERSION "2.6.1"
| #define STDC_HEADERS 1
| #define HAVE_SYS_TYPES_H 1
| #define HAVE_SYS_STAT_H 1
| #define HAVE_STDLIB_H 1
| #define HAVE_STRING_H 1
| #define HAVE_MEMORY_H 1
| #define HAVE_STRINGS_H 1
| #define HAVE_INTTYPES_H 1
| #define HAVE_STDINT_H 1
| #define HAVE_UNISTD_H 1
| #define __EXTENSIONS__ 1
| #define _ALL_SOURCE 1
| #define _GNU_SOURCE 1
| #define _POSIX_PTHREAD_SEMANTICS 1
| #define _TANDEM_SOURCE 1
| #define HAVE_DLFCN_H 1
| #define LT_OBJDIR ".libs/"
| #define STDC_HEADERS 1
| #define HAVE_FCNTL_H 1
| #define HAVE_INTTYPES_H 1
| #define HAVE_LIMITS_H 1
| #define HAVE_STDLIB_H 1
| #define HAVE_UNISTD_H 1
| #define HAVE_FTRUNCATE 1
| #define HAVE_MEMSET 1
| #define HAVE_MKDIR 1
| #define HAVE_STRCHR 1
| #define HAVE_STRERROR 1
| #define HAVE_STRTOL 1
| #define HAVE_ZLIB 1
| /* end confdefs.h.  */
| #include <pthread.h>
| int
| main ()
| {
| pthread_t th; pthread_join(th, 0);
|                      pthread_attr_init(0); pthread_cleanup_push(0, 0);
|                      pthread_create(0,0,0,0); pthread_cleanup_pop(0);
|   ;
|   return 0;
| }
configure:12225: result: no
configure:12133: checking whether pthreads work with -kthread
configure:12216: gcc -o conftest  -kthread   conftest.c  -lz  >&5
gcc: error: unrecognized command line option '-kthread'; did you mean '-pthread'?
configure:12216: $? = 1
configure: failed program was:
| /* confdefs.h */
| #define PACKAGE_NAME "Protocol Buffers"
| #define PACKAGE_TARNAME "protobuf"
| #define PACKAGE_VERSION "2.6.1"
| #define PACKAGE_STRING "Protocol Buffers 2.6.1"
| #define PACKAGE_BUGREPORT "protobuf@googlegroups.com"
| #define PACKAGE_URL ""
| #define PACKAGE "protobuf"
| #define VERSION "2.6.1"
| #define STDC_HEADERS 1
| #define HAVE_SYS_TYPES_H 1
| #define HAVE_SYS_STAT_H 1
| #define HAVE_STDLIB_H 1
| #define HAVE_STRING_H 1
| #define HAVE_MEMORY_H 1
| #define HAVE_STRINGS_H 1
| #define HAVE_INTTYPES_H 1
| #define HAVE_STDINT_H 1
| #define HAVE_UNISTD_H 1
| #define __EXTENSIONS__ 1
| #define _ALL_SOURCE 1
| #define _GNU_SOURCE 1
| #define _POSIX_PTHREAD_SEMANTICS 1
| #define _TANDEM_SOURCE 1
| #define HAVE_DLFCN_H 1
| #define LT_OBJDIR ".libs/"
| #define STDC_HEADERS 1
| #define HAVE_FCNTL_H 1
| #define HAVE_INTTYPES_H 1
| #define HAVE_LIMITS_H 1
| #define HAVE_STDLIB_H 1
| #define HAVE_UNISTD_H 1
| #define HAVE_FTRUNCATE 1
| #define HAVE_MEMSET 1
| #define HAVE_MKDIR 1
| #define HAVE_STRCHR 1
| #define HAVE_STRERROR 1
| #define HAVE_STRTOL 1
| #define HAVE_ZLIB 1
| /* end confdefs.h.  */
| #include <pthread.h>
| int
| main ()
| {
| pthread_t th; pthread_join(th, 0);
|                      pthread_attr_init(0); pthread_cleanup_push(0, 0);
|                      pthread_create(0,0,0,0); pthread_cleanup_pop(0);
|   ;
|   return 0;
| }
configure:12225: result: no
configure:12183: checking for the pthreads library -llthread
configure:12216: gcc -o conftest     conftest.c -llthread -lz  >&5
conftest.c: In function 'main':
conftest.c:46:22: warning: null argument where non-null required (argument 1) [-Wnonnull]
   46 |                      pthread_attr_init(0); pthread_cleanup_push(0, 0);
      |                      ^~~~~~~~~~~~~~~~~
conftest.c:47:22: warning: null argument where non-null required (argument 1) [-Wnonnull]
   47 |                      pthread_create(0,0,0,0); pthread_cleanup_pop(0);
      |                      ^~~~~~~~~~~~~~
conftest.c:47:22: warning: null argument where non-null required (argument 3) [-Wnonnull]
/usr/bin/ld: cannot find -llthread
collect2: error: ld returned 1 exit status
configure:12216: $? = 1
configure: failed program was:
| /* confdefs.h */
| #define PACKAGE_NAME "Protocol Buffers"
| #define PACKAGE_TARNAME "protobuf"
| #define PACKAGE_VERSION "2.6.1"
| #define PACKAGE_STRING "Protocol Buffers 2.6.1"
| #define PACKAGE_BUGREPORT "protobuf@googlegroups.com"
| #define PACKAGE_URL ""
| #define PACKAGE "protobuf"
| #define VERSION "2.6.1"
| #define STDC_HEADERS 1
| #define HAVE_SYS_TYPES_H 1
| #define HAVE_SYS_STAT_H 1
| #define HAVE_STDLIB_H 1
| #define HAVE_STRING_H 1
| #define HAVE_MEMORY_H 1
| #define HAVE_STRINGS_H 1
| #define HAVE_INTTYPES_H 1
| #define HAVE_STDINT_H 1
| #define HAVE_UNISTD_H 1
| #define __EXTENSIONS__ 1
| #define _ALL_SOURCE 1
| #define _GNU_SOURCE 1
| #define _POSIX_PTHREAD_SEMANTICS 1
| #define _TANDEM_SOURCE 1
| #define HAVE_DLFCN_H 1
| #define LT_OBJDIR ".libs/"
| #define STDC_HEADERS 1
| #define HAVE_FCNTL_H 1
| #define HAVE_INTTYPES_H 1
| #define HAVE_LIMITS_H 1
| #define HAVE_STDLIB_H 1
| #define HAVE_UNISTD_H 1
| #define HAVE_FTRUNCATE 1
| #define HAVE_MEMSET 1
| #define HAVE_MKDIR 1
| #define HAVE_STRCHR 1
| #define HAVE_STRERROR 1
| #define HAVE_STRTOL 1
| #define HAVE_ZLIB 1
| /* end confdefs.h.  */
| #include <pthread.h>
| int
| main ()
| {
| pthread_t th; pthread_join(th, 0);
|                      pthread_attr_init(0); pthread_cleanup_push(0, 0);
|                      pthread_create(0,0,0,0); pthread_cleanup_pop(0);
|   ;
|   return 0;
| }
configure:12225: result: no
configure:12133: checking whether pthreads work with -pthread
configure:12216: gcc -o conftest  -pthread   conftest.c  -lz  >&5
conftest.c: In function 'main':
conftest.c:46:22: warning: null argument where non-null required (argument 1) [-Wnonnull]
   46 |                      pthread_attr_init(0); pthread_cleanup_push(0, 0);
      |                      ^~~~~~~~~~~~~~~~~
conftest.c:47:22: warning: null argument where non-null required (argument 1) [-Wnonnull]
   47 |                      pthread_create(0,0,0,0); pthread_cleanup_pop(0);
      |                      ^~~~~~~~~~~~~~
conftest.c:47:22: warning: null argument where non-null required (argument 3) [-Wnonnull]
configure:12216: $? = 0
configure:12225: result: yes
configure:12244: checking for joinable pthread attribute
configure:12259: gcc -o conftest  -pthread   conftest.c  -lz  >&5
configure:12259: $? = 0
configure:12265: result: PTHREAD_CREATE_JOINABLE
configure:12275: checking if more special flags are required for pthreads
configure:12282: result: no
configure:12371: checking whether to check for GCC pthread/shared inconsistencies
configure:12384: gcc -o conftest -shared -fPIC -Wl,-z,defs  -pthread   conftest.c  -lz  >&5
configure:12384: $? = 0
configure:12396: result: yes
configure:12402: checking whether -pthread is sufficient with -shared
configure:12417: gcc -o conftest -shared -fPIC -Wl,-z,defs  -pthread   conftest.c  -lz  >&5
conftest.c: In function 'main':
conftest.c:46:8: warning: null argument where non-null required (argument 1) [-Wnonnull]
   46 |        pthread_attr_init(0); pthread_cleanup_push(0, 0);
      |        ^~~~~~~~~~~~~~~~~
conftest.c:47:8: warning: null argument where non-null required (argument 1) [-Wnonnull]
   47 |        pthread_create(0,0,0,0); pthread_cleanup_pop(0);
      |        ^~~~~~~~~~~~~~
conftest.c:47:8: warning: null argument where non-null required (argument 3) [-Wnonnull]
configure:12417: $? = 0
configure:12424: result: yes
configure:12512: checking whether what we have so far is sufficient with -nostdlib
configure:12530: gcc -o conftest -nostdlib -shared -fPIC -Wl,-z,defs  -pthread   conftest.c  -lz  -lc >&5
conftest.c: In function 'main':
conftest.c:46:9: warning: null argument where non-null required (argument 1) [-Wnonnull]
   46 |         pthread_attr_init(0); pthread_cleanup_push(0, 0);
      |         ^~~~~~~~~~~~~~~~~
conftest.c:47:9: warning: null argument where non-null required (argument 1) [-Wnonnull]
   47 |         pthread_create(0,0,0,0); pthread_cleanup_pop(0);
      |         ^~~~~~~~~~~~~~
conftest.c:47:9: warning: null argument where non-null required (argument 3) [-Wnonnull]
/usr/bin/ld: /tmp/ccRCLQ5o.o: in function `main':
conftest.c:(.text+0x1c): undefined reference to `pthread_join'
/usr/bin/ld: conftest.c:(.text+0x86): undefined reference to `__pthread_register_cancel'
/usr/bin/ld: conftest.c:(.text+0x9f): undefined reference to `pthread_create'
/usr/bin/ld: conftest.c:(.text+0xae): undefined reference to `__pthread_unregister_cancel'
collect2: error: ld returned 1 exit status
configure:12530: $? = 1
configure: failed program was:
| /* confdefs.h */
| #define PACKAGE_NAME "Protocol Buffers"
| #define PACKAGE_TARNAME "protobuf"
| #define PACKAGE_VERSION "2.6.1"
| #define PACKAGE_STRING "Protocol Buffers 2.6.1"
| #define PACKAGE_BUGREPORT "protobuf@googlegroups.com"
| #define PACKAGE_URL ""
| #define PACKAGE "protobuf"
| #define VERSION "2.6.1"
| #define STDC_HEADERS 1
| #define HAVE_SYS_TYPES_H 1
| #define HAVE_SYS_STAT_H 1
| #define HAVE_STDLIB_H 1
| #define HAVE_STRING_H 1
| #define HAVE_MEMORY_H 1
| #define HAVE_STRINGS_H 1
| #define HAVE_INTTYPES_H 1
| #define HAVE_STDINT_H 1
| #define HAVE_UNISTD_H 1
| #define __EXTENSIONS__ 1
| #define _ALL_SOURCE 1
| #define _GNU_SOURCE 1
| #define _POSIX_PTHREAD_SEMANTICS 1
| #define _TANDEM_SOURCE 1
| #define HAVE_DLFCN_H 1
| #define LT_OBJDIR ".libs/"
| #define STDC_HEADERS 1
| #define HAVE_FCNTL_H 1
| #define HAVE_INTTYPES_H 1
| #define HAVE_LIMITS_H 1
| #define HAVE_STDLIB_H 1
| #define HAVE_UNISTD_H 1
| #define HAVE_FTRUNCATE 1
| #define HAVE_MEMSET 1
| #define HAVE_MKDIR 1
| #define HAVE_STRCHR 1
| #define HAVE_STRERROR 1
| #define HAVE_STRTOL 1
| #define HAVE_ZLIB 1
| /* end confdefs.h.  */
| #include <pthread.h>
| int
| main ()
| {
| pthread_t th; pthread_join(th, 0);
| 	       pthread_attr_init(0); pthread_cleanup_push(0, 0);
| 	       pthread_create(0,0,0,0); pthread_cleanup_pop(0);
|   ;
|   return 0;
| }
configure:12542: result: no
configure:12547: checking whether -lpthread saves the day
configure:12563: gcc -o conftest -nostdlib -shared -fPIC -Wl,-z,defs  -pthread   conftest.c -lpthread  -lz  -lc >&5
conftest.c: In function 'main':
conftest.c:46:9: warning: null argument where non-null required (argument 1) [-Wnonnull]
   46 |         pthread_attr_init(0); pthread_cleanup_push(0, 0);
      |         ^~~~~~~~~~~~~~~~~
conftest.c:47:9: warning: null argument where non-null required (argument 1) [-Wnonnull]
   47 |         pthread_create(0,0,0,0); pthread_cleanup_pop(0);
      |         ^~~~~~~~~~~~~~
conftest.c:47:9: warning: null argument where non-null required (argument 3) [-Wnonnull]
configure:12563: $? = 0
configure:12572: result: yes
configure:12612: checking the location of hash_map
configure:12638: g++ -c  -g -DNDEBUG  conftest.cpp >&5
configure:12638: $? = 0
configure:12660: g++ -c  -g -DNDEBUG  conftest.cpp >&5
configure:12660: $? = 0
configure:12727: result: <unordered_map>
configure:12742: checking for library containing sched_yield
configure:12773: g++ -o conftest  -g -DNDEBUG   conftest.cpp -lz  >&5
configure:12773: $? = 0
configure:12790: result: none required
configure:12923: checking that generated files are newer than configure
configure:12929: result: done
configure:12968: creating ./config.status

## ---------------------- ##
## Running config.status. ##
## ---------------------- ##

This file was extended by Protocol Buffers config.status 2.6.1, which was
generated by GNU Autoconf 2.69.  Invocation command line was

  CONFIG_FILES    = 
  CONFIG_HEADERS  = 
  CONFIG_LINKS    = 
  CONFIG_COMMANDS = 
  $ ./config.status 

on LAPTOP-GNQ2T3GC

config.status:1189: creating Makefile
config.status:1189: creating src/Makefile
config.status:1189: creating protobuf.pc
config.status:1189: creating protobuf-lite.pc
config.status:1189: creating config.h
config.status:1418: executing depfiles commands
config.status:1418: executing libtool commands
configure:15526: === configuring in gtest (/home/essoz/gitrepo/protobuf-2.6.1/gtest)
configure:15589: running /bin/bash ./configure --disable-option-checking '--prefix=/usr/local/protobuf'  --cache-file=/dev/null --srcdir=.

## ---------------- ##
## Cache variables. ##
## ---------------- ##

ac_cv_build=x86_64-unknown-linux-gnu
ac_cv_c_compiler_gnu=yes
ac_cv_cxx_compiler_gnu=yes
ac_cv_cxx_hash_map='<unordered_map>'
ac_cv_cxx_hash_map_class=unordered_map
ac_cv_cxx_hash_namespace=std
ac_cv_cxx_hash_set='<unordered_set>'
ac_cv_cxx_hash_set_class=unordered_set
ac_cv_env_CCC_set=
ac_cv_env_CCC_value=
ac_cv_env_CC_set=
ac_cv_env_CC_value=
ac_cv_env_CFLAGS_set=
ac_cv_env_CFLAGS_value=
ac_cv_env_CPPFLAGS_set=
ac_cv_env_CPPFLAGS_value=
ac_cv_env_CXXCPP_set=
ac_cv_env_CXXCPP_value=
ac_cv_env_CXXFLAGS_set=
ac_cv_env_CXXFLAGS_value=
ac_cv_env_CXX_set=
ac_cv_env_CXX_value=
ac_cv_env_LDFLAGS_set=
ac_cv_env_LDFLAGS_value=
ac_cv_env_LIBS_set=
ac_cv_env_LIBS_value=
ac_cv_env_build_alias_set=
ac_cv_env_build_alias_value=
ac_cv_env_host_alias_set=
ac_cv_env_host_alias_value=
ac_cv_env_target_alias_set=
ac_cv_env_target_alias_value=
ac_cv_func_ftruncate=yes
ac_cv_func_memcmp_working=yes
ac_cv_func_memset=yes
ac_cv_func_mkdir=yes
ac_cv_func_strchr=yes
ac_cv_func_strerror=yes
ac_cv_func_strtod=yes
ac_cv_func_strtol=yes
ac_cv_have_decl___SUNPRO_CC=no
ac_cv_header_dlfcn_h=yes
ac_cv_header_fcntl_h=yes
ac_cv_header_inttypes_h=yes
ac_cv_header_limits_h=yes
ac_cv_header_memory_h=yes
ac_cv_header_minix_config_h=no
ac_cv_header_stdc=yes
ac_cv_header_stdint_h=yes
ac_cv_header_stdlib_h=yes
ac_cv_header_string_h=yes
ac_cv_header_strings_h=yes
ac_cv_header_sys_stat_h=yes
ac_cv_header_sys_types_h=yes
ac_cv_header_unistd_h=yes
ac_cv_host=x86_64-unknown-linux-gnu
ac_cv_objext=o
ac_cv_path_EGREP='/usr/bin/grep -E'
ac_cv_path_FGREP='/usr/bin/grep -F'
ac_cv_path_GREP=/usr/bin/grep
ac_cv_path_SED=/usr/bin/sed
ac_cv_path_install='/usr/bin/install -c'
ac_cv_path_mkdir=/usr/bin/mkdir
ac_cv_prog_AWK=gawk
ac_cv_prog_CXXCPP='g++ -E'
ac_cv_prog_ac_ct_AR=ar
ac_cv_prog_ac_ct_CC=gcc
ac_cv_prog_ac_ct_CXX=g++
ac_cv_prog_ac_ct_MANIFEST_TOOL=mt
ac_cv_prog_ac_ct_OBJDUMP=objdump
ac_cv_prog_ac_ct_RANLIB=ranlib
ac_cv_prog_ac_ct_STRIP=strip
ac_cv_prog_cc_c89=
ac_cv_prog_cc_g=yes
ac_cv_prog_cxx_g=yes
ac_cv_prog_make_make_set=yes
ac_cv_safe_to_define___extensions__=yes
ac_cv_search_sched_yield='none required'
ac_cv_search_zlibVersion=-lz
ac_cv_target=x86_64-unknown-linux-gnu
am_cv_CC_dependencies_compiler_type=gcc3
am_cv_CXX_dependencies_compiler_type=gcc3
am_cv_make_support_nested_variables=yes
am_cv_prog_cc_c_o=yes
lt_cv_ar_at_file=@
lt_cv_archive_cmds_need_lc=no
lt_cv_deplibs_check_method=pass_all
lt_cv_file_magic_cmd='$MAGIC_CMD'
lt_cv_file_magic_test_file=
lt_cv_ld_reload_flag=-r
lt_cv_nm_interface='BSD nm'
lt_cv_objdir=.libs
lt_cv_path_LD=/usr/bin/ld
lt_cv_path_LDCXX='/usr/bin/ld -m elf_x86_64'
lt_cv_path_NM='/usr/bin/nm -B'
lt_cv_path_mainfest_tool=no
lt_cv_prog_compiler_c_o=yes
lt_cv_prog_compiler_c_o_CXX=yes
lt_cv_prog_compiler_pic='-fPIC -DPIC'
lt_cv_prog_compiler_pic_CXX='-fPIC -DPIC'
lt_cv_prog_compiler_pic_works=yes
lt_cv_prog_compiler_pic_works_CXX=yes
lt_cv_prog_compiler_rtti_exceptions=no
lt_cv_prog_compiler_static_works=yes
lt_cv_prog_compiler_static_works_CXX=yes
lt_cv_prog_gnu_ld=yes
lt_cv_prog_gnu_ldcxx=yes
lt_cv_sharedlib_from_linklib_cmd='printf %s\n'
lt_cv_shlibpath_overrides_runpath=yes
lt_cv_sys_global_symbol_pipe='sed -n -e '\''s/^.*[	 ]\([ABCDGIRSTW][ABCDGIRSTW]*\)[	 ][	 ]*\([_A-Za-z][_A-Za-z0-9]*\)$/\1 \2 \2/p'\'' | sed '\''/ __gnu_lto/d'\'''
lt_cv_sys_global_symbol_to_c_name_address='sed -n -e '\''s/^: \([^ ]*\)[ ]*$/  {\"\1\", (void *) 0},/p'\'' -e '\''s/^[ABCDGIRSTW]* \([^ ]*\) \([^ ]*\)$/  {"\2", (void *) \&\2},/p'\'''
lt_cv_sys_global_symbol_to_c_name_address_lib_prefix='sed -n -e '\''s/^: \([^ ]*\)[ ]*$/  {\"\1\", (void *) 0},/p'\'' -e '\''s/^[ABCDGIRSTW]* \([^ ]*\) \(lib[^ ]*\)$/  {"\2", (void *) \&\2},/p'\'' -e '\''s/^[ABCDGIRSTW]* \([^ ]*\) \([^ ]*\)$/  {"lib\2", (void *) \&\2},/p'\'''
lt_cv_sys_global_symbol_to_cdecl='sed -n -e '\''s/^T .* \(.*\)$/extern int \1();/p'\'' -e '\''s/^[ABCDGIRSTW]* .* \(.*\)$/extern char \1;/p'\'''
lt_cv_sys_max_cmd_len=1572864
lt_cv_to_host_file_cmd=func_convert_file_noop
lt_cv_to_tool_file_cmd=func_convert_file_noop

## ----------------- ##
## Output variables. ##
## ----------------- ##

ACLOCAL='${SHELL} /home/essoz/gitrepo/protobuf-2.6.1/missing aclocal-1.14'
AMDEPBACKSLASH='\'
AMDEP_FALSE='#'
AMDEP_TRUE=''
AMTAR='$${TAR-tar}'
AM_BACKSLASH='\'
AM_DEFAULT_V='$(AM_DEFAULT_VERBOSITY)'
AM_DEFAULT_VERBOSITY='1'
AM_V='$(V)'
AR='ar'
AUTOCONF='${SHELL} /home/essoz/gitrepo/protobuf-2.6.1/missing autoconf'
AUTOHEADER='${SHELL} /home/essoz/gitrepo/protobuf-2.6.1/missing autoheader'
AUTOMAKE='${SHELL} /home/essoz/gitrepo/protobuf-2.6.1/missing automake-1.14'
AWK='gawk'
CC='gcc'
CCDEPMODE='depmode=gcc3'
CFLAGS=''
CPPFLAGS=''
CXX='g++'
CXXCPP='g++ -E'
CXXDEPMODE='depmode=gcc3'
CXXFLAGS=' -g -DNDEBUG'
CYGPATH_W='echo'
DEFS='-DHAVE_CONFIG_H'
DEPDIR='.deps'
DLLTOOL='false'
DSYMUTIL=''
DUMPBIN=''
ECHO_C=''
ECHO_N='-n'
ECHO_T=''
EGREP='/usr/bin/grep -E'
EXEEXT=''
FGREP='/usr/bin/grep -F'
GCC_FALSE='#'
GCC_TRUE=''
GREP='/usr/bin/grep'
HAVE_ZLIB_FALSE='#'
HAVE_ZLIB_TRUE=''
INSTALL_DATA='${INSTALL} -m 644'
INSTALL_PROGRAM='${INSTALL}'
INSTALL_SCRIPT='${INSTALL}'
INSTALL_STRIP_PROGRAM='$(install_sh) -c -s'
ISAINFO=''
LD='/usr/bin/ld -m elf_x86_64'
LDFLAGS=''
LIBOBJS=''
LIBS='-lz '
LIBTOOL='$(SHELL) $(top_builddir)/libtool'
LIPO=''
LN_S='ln -s'
LTLIBOBJS=''
MAINT=''
MAINTAINER_MODE_FALSE='#'
MAINTAINER_MODE_TRUE=''
MAKEINFO='${SHELL} /home/essoz/gitrepo/protobuf-2.6.1/missing makeinfo'
MANIFEST_TOOL=':'
MKDIR_P='/usr/bin/mkdir -p'
NM='/usr/bin/nm -B'
NMEDIT=''
OBJDUMP='objdump'
OBJEXT='o'
OTOOL64=''
OTOOL=''
PACKAGE='protobuf'
PACKAGE_BUGREPORT='protobuf@googlegroups.com'
PACKAGE_NAME='Protocol Buffers'
PACKAGE_STRING='Protocol Buffers 2.6.1'
PACKAGE_TARNAME='protobuf'
PACKAGE_URL=''
PACKAGE_VERSION='2.6.1'
PATH_SEPARATOR=':'
POW_LIB=''
PROTOBUF_OPT_FLAG='-O2'
PROTOC=''
PTHREAD_CC='gcc'
PTHREAD_CFLAGS='-pthread'
PTHREAD_LIBS=' -lpthread'
RANLIB='ranlib'
SED='/usr/bin/sed'
SET_MAKE=''
SHELL='/bin/bash'
STRIP='strip'
USE_EXTERNAL_PROTOC_FALSE=''
USE_EXTERNAL_PROTOC_TRUE='#'
VERSION='2.6.1'
ac_ct_AR='ar'
ac_ct_CC='gcc'
ac_ct_CXX='g++'
ac_ct_DUMPBIN=''
acx_pthread_config=''
am__EXEEXT_FALSE=''
am__EXEEXT_TRUE='#'
am__fastdepCC_FALSE='#'
am__fastdepCC_TRUE=''
am__fastdepCXX_FALSE='#'
am__fastdepCXX_TRUE=''
am__include='include'
am__isrc=''
am__leading_dot='.'
am__nodep='_no'
am__quote=''
am__tar='$${TAR-tar} chof - "$$tardir"'
am__untar='$${TAR-tar} xf -'
bindir='${exec_prefix}/bin'
build='x86_64-unknown-linux-gnu'
build_alias=''
build_cpu='x86_64'
build_os='linux-gnu'
build_vendor='unknown'
datadir='${datarootdir}'
datarootdir='${prefix}/share'
docdir='${datarootdir}/doc/${PACKAGE_TARNAME}'
dvidir='${docdir}'
exec_prefix='${prefix}'
host='x86_64-unknown-linux-gnu'
host_alias=''
host_cpu='x86_64'
host_os='linux-gnu'
host_vendor='unknown'
htmldir='${docdir}'
includedir='${prefix}/include'
infodir='${datarootdir}/info'
install_sh='${SHELL} /home/essoz/gitrepo/protobuf-2.6.1/install-sh'
libdir='${exec_prefix}/lib'
libexecdir='${exec_prefix}/libexec'
localedir='${datarootdir}/locale'
localstatedir='${prefix}/var'
mandir='${datarootdir}/man'
mkdir_p='$(MKDIR_P)'
oldincludedir='/usr/include'
pdfdir='${docdir}'
prefix='/usr/local/protobuf'
program_transform_name='s,x,x,'
psdir='${docdir}'
sbindir='${exec_prefix}/sbin'
sharedstatedir='${prefix}/com'
subdirs=' gtest'
sysconfdir='${prefix}/etc'
target='x86_64-unknown-linux-gnu'
target_alias=''
target_cpu='x86_64'
target_os='linux-gnu'
target_vendor='unknown'

## ----------- ##
## confdefs.h. ##
## ----------- ##

/* confdefs.h */
#define PACKAGE_NAME "Protocol Buffers"
#define PACKAGE_TARNAME "protobuf"
#define PACKAGE_VERSION "2.6.1"
#define PACKAGE_STRING "Protocol Buffers 2.6.1"
#define PACKAGE_BUGREPORT "protobuf@googlegroups.com"
#define PACKAGE_URL ""
#define PACKAGE "protobuf"
#define VERSION "2.6.1"
#define STDC_HEADERS 1
#define HAVE_SYS_TYPES_H 1
#define HAVE_SYS_STAT_H 1
#define HAVE_STDLIB_H 1
#define HAVE_STRING_H 1
#define HAVE_MEMORY_H 1
#define HAVE_STRINGS_H 1
#define HAVE_INTTYPES_H 1
#define HAVE_STDINT_H 1
#define HAVE_UNISTD_H 1
#define __EXTENSIONS__ 1
#define _ALL_SOURCE 1
#define _GNU_SOURCE 1
#define _POSIX_PTHREAD_SEMANTICS 1
#define _TANDEM_SOURCE 1
#define HAVE_DLFCN_H 1
#define LT_OBJDIR ".libs/"
#define STDC_HEADERS 1
#define HAVE_FCNTL_H 1
#define HAVE_INTTYPES_H 1
#define HAVE_LIMITS_H 1
#define HAVE_STDLIB_H 1
#define HAVE_UNISTD_H 1
#define HAVE_FTRUNCATE 1
#define HAVE_MEMSET 1
#define HAVE_MKDIR 1
#define HAVE_STRCHR 1
#define HAVE_STRERROR 1
#define HAVE_STRTOL 1
#define HAVE_ZLIB 1
#define HAVE_PTHREAD 1
#define HAVE_HASH_MAP 1
#define HAVE_HASH_SET 1
#define HASH_MAP_H <unordered_map>
#define HASH_SET_H <unordered_set>
#define HASH_NAMESPACE std
#define HASH_MAP_CLASS unordered_map
#define HASH_SET_CLASS unordered_set

configure: exit 0
